<?xml version="1.0" encoding="UTF-8"?>
<!-- Generated by org.testng.reporters.JUnitReportReporter -->
<testsuite hostname="DESKTOP-IA0U1JD" failures="0" tests="1" name="driverFactory.AppTest" time="33.135" errors="0" timestamp="2024-10-18T01:14:06 IST" skipped="0">
  <testcase classname="driverFactory.AppTest" name="kickStart" time="33.135"/>
</testsuite> <!-- driverFactory.AppTest -->
